<?xml version="1.0" encoding="UTF-8"?>
<testsuite name="LaunchTeast" tests="1" skipped="0" failures="0" errors="0" timestamp="2023-01-22T18:20:50" hostname="DJANACER" time="34.17">
  <properties/>
  <testcase name="addContact[0](model.User@79351f41)" classname="LaunchTeast" time="34.17"/>
  <system-out><![CDATA[]]></system-out>
  <system-err><![CDATA[]]></system-err>
</testsuite>
